scons: Reading SConscript files ...
Using SCons 2.3.0
*/SConscript
pde/SConscript
parallel/SConscript
tests/SConscript
combigrid/SConscript
solver/SConscript
base/SConscript
misc/SConscript
jsgpp/SConscript
pysgpp/SConscript
finance/SConscript
datadriven/SConscript
['pde', 'parallel', 'combigrid', 'solver', 'base', 'misc', 'finance', 'datadriven']
['SG_PDE', 'SG_PARALLEL', 'SG_COMBIGRID', 'SG_SOLVER', 'SG_BASE', 'SG_MISC', 'SG_FINANCE', 'SG_DATADRIVEN']


Checking programs and libraries: 
Checking for flag "-std=c++11" ... (cached) yes
Checking for flag "-mavx" ... (cached) yes
Checking for doxygen...(cached) /usr/bin/doxygen
Checking for dot...(cached) /usr/bin/dot
Checking for swig...(cached) /usr/local/bin/swig
pythonpath:  /usr/include/python2.7
Checking for C++ header file Python.h... (cached) yes
Checking for C++ header file pyconfig.h... (cached) yes
Checking for C++ header file numpy/arrayobject.h... (cached) yes
Info: Compiling without java support
Using default gcc
Preparing to build module:  pde
Preparing to build module:  parallel
.
./src
./src/sgpp
./src/sgpp/parallel
./src/sgpp/parallel/pde
./src/sgpp/parallel/pde/application
./src/sgpp/parallel/pde/algorithm
./src/sgpp/parallel/pde/operation
./src/sgpp/parallel/pde/basis
./src/sgpp/parallel/pde/basis/linear
./src/sgpp/parallel/pde/basis/linear/noboundary
./src/sgpp/parallel/pde/basis/linear/noboundary/operation
./src/sgpp/parallel/pde/basis/linear/boundary
./src/sgpp/parallel/pde/basis/linear/boundary/operation
./src/sgpp/parallel/pde/basis/common
./src/sgpp/parallel/solver
./src/sgpp/parallel/solver/sle
./src/sgpp/parallel/exampleApplication
./src/sgpp/parallel/operation
./src/sgpp/parallel/tools
./src/sgpp/parallel/tools/MPI
./src/sgpp/parallel/finance
./src/sgpp/parallel/finance/application
./src/sgpp/parallel/finance/algorithm
./src/sgpp/parallel/datadriven
./src/sgpp/parallel/datadriven/application
./src/sgpp/parallel/datadriven/algorithm
./src/sgpp/parallel/datadriven/operation
./src/sgpp/parallel/datadriven/tools
./src/sgpp/parallel/datadriven/basis
./src/sgpp/parallel/datadriven/basis/linear
./src/sgpp/parallel/datadriven/basis/linear/noboundary
./src/sgpp/parallel/datadriven/basis/linear/noboundary/operation
./src/sgpp/parallel/datadriven/basis/linear/noboundary/operation/impl
./src/sgpp/parallel/datadriven/basis/modlinear
./src/sgpp/parallel/datadriven/basis/modlinear/operation
./src/sgpp/parallel/datadriven/basis/modlinear/operation/impl
./src/sgpp/parallel/datadriven/basis/common
./src/sgpp/parallel/datadriven/basis/common/mic
./src/sgpp/parallel/datadriven/basis/common/ocl
./tests
./tests/data
Preparing to build module:  combigrid
Preparing to build module:  solver
Preparing to build module:  base
Preparing to build module:  misc
Preparing to build module:  finance
Preparing to build module:  datadriven
scons: done reading SConscript files.
scons: Building targets ...
.datadriven/src/sgpp/datadriven/application/LearnerDensityCluster.hpp:45: Warning 401: Nothing known about base class 'SGPP::datadriven::LearnerBase'. Ignored.
base/src/sgpp/base/grid/common/BoundingBox.hpp:151: Warning 509: Overloaded method SGPP::base::BoundingBox::toString() effectively ignored,
base/src/sgpp/base/grid/common/BoundingBox.hpp:149: Warning 509: as it is shadowed by SGPP::base::BoundingBox::toString(std::string &).
base/src/sgpp/base/grid/storage/hashmap/HashGridIndex.hpp:98: Warning 509: Overloaded method SGPP::base::HashGridIndex< unsigned int,unsigned int >::HashGridIndex(SGPP::base::HashGridIndex< unsigned int,unsigned int > const *) effectively ignored,
base/src/sgpp/base/grid/storage/hashmap/HashGridIndex.hpp:78: Warning 509: as it is shadowed by SGPP::base::HashGridIndex< unsigned int,unsigned int >::HashGridIndex(SGPP::base::HashGridIndex< unsigned int,unsigned int > const &).
....g++ -o tmp/build_alglib/alglib/alglibinternal.os -c -fPIC tools/alglib/alglibinternal.cpp
tools/alglib/alglibinternal.cpp:6:11: error: expected constructor, destructor, or type conversion before '(' token
 Copyright (c) Sergey Bochkanov (ALGLIB project).
           ^
tools/alglib/alglibinternal.cpp:9:32: error: 'you' does not name a type
 This program is free software; you can redistribute it and/or modify
                                ^
tools/alglib/alglibinternal.cpp:11:45: error: 'either' does not name a type
 the Free Software Foundation (www.fsf.org); either version 2 of the
                                             ^
tools/alglib/alglibinternal.cpp:15:27: error: 'without' does not name a type
 but WITHOUT ANY WARRANTY; without even the implied warranty of
                           ^
In file included from /usr/include/endian.h:60:0,
                 from /usr/include/x86_64-linux-gnu/bits/waitstatus.h:64,
                 from /usr/include/stdlib.h:42,
                 from tools/alglib/ap.h:23,
                 from tools/alglib/alglibinternal.h:21,
                 from tools/alglib/alglibinternal.cpp:24:
/usr/include/x86_64-linux-gnu/bits/byteswap.h:108:17: error: '__uint64_t' does not name a type
 static __inline __uint64_t
                 ^
In file included from tools/alglib/ap.h:23:0,
                 from tools/alglib/alglibinternal.h:21,
                 from tools/alglib/alglibinternal.cpp:24:
/usr/include/stdlib.h:139:8: error: 'size_t' does not name a type
 extern size_t __ctype_get_mb_cur_max (void) __THROW __wur;
        ^
In file included from /usr/include/stdlib.h:314:0,
                 from tools/alglib/ap.h:23,
                 from tools/alglib/alglibinternal.h:21,
                 from tools/alglib/alglibinternal.cpp:24:
/usr/include/x86_64-linux-gnu/sys/types.h:33:9: error: '__u_char' does not name a type
 typedef __u_char u_char;
         ^
/usr/include/x86_64-linux-gnu/sys/types.h:34:9: error: '__u_short' does not name a type
 typedef __u_short u_short;
         ^
/usr/include/x86_64-linux-gnu/sys/types.h:35:9: error: '__u_int' does not name a type
 typedef __u_int u_int;
         ^
/usr/include/x86_64-linux-gnu/sys/types.h:36:9: error: '__u_long' does not name a type
 typedef __u_long u_long;
         ^
/usr/include/x86_64-linux-gnu/sys/types.h:37:9: error: '__quad_t' does not name a type
 typedef __quad_t quad_t;
         ^
/usr/include/x86_64-linux-gnu/sys/types.h:38:9: error: '__u_quad_t' does not name a type
 typedef __u_quad_t u_quad_t;
         ^
/usr/include/x86_64-linux-gnu/sys/types.h:39:9: error: '__fsid_t' does not name a type
 typedef __fsid_t fsid_t;
         ^
/usr/include/x86_64-linux-gnu/sys/types.h:44:9: error: '__loff_t' does not name a type
 typedef __loff_t loff_t;
         ^
/usr/include/x86_64-linux-gnu/sys/types.h:48:9: error: '__ino_t' does not name a type
 typedef __ino_t ino_t;
         ^
/usr/include/x86_64-linux-gnu/sys/types.h:55:9: error: '__ino64_t' does not name a type
 typedef __ino64_t ino64_t;
         ^
/usr/include/x86_64-linux-gnu/sys/types.h:60:9: error: '__dev_t' does not name a type
 typedef __dev_t dev_t;
         ^
/usr/include/x86_64-linux-gnu/sys/types.h:65:9: error: '__gid_t' does not name a type
 typedef __gid_t gid_t;
         ^
/usr/include/x86_64-linux-gnu/sys/types.h:70:9: error: '__mode_t' does not name a type
 typedef __mode_t mode_t;
         ^
/usr/include/x86_64-linux-gnu/sys/types.h:75:9: error: '__nlink_t' does not name a type
 typedef __nlink_t nlink_t;
         ^
/usr/include/x86_64-linux-gnu/sys/types.h:80:9: error: '__uid_t' does not name a type
 typedef __uid_t uid_t;
         ^
/usr/include/x86_64-linux-gnu/sys/types.h:98:9: error: '__pid_t' does not name a type
 typedef __pid_t pid_t;
         ^
/usr/include/x86_64-linux-gnu/sys/types.h:104:9: error: '__id_t' does not name a type
 typedef __id_t id_t;
         ^
/usr/include/x86_64-linux-gnu/sys/types.h:115:9: error: '__daddr_t' does not name a type
 typedef __daddr_t daddr_t;
         ^
/usr/include/x86_64-linux-gnu/sys/types.h:116:9: error: '__caddr_t' does not name a type
 typedef __caddr_t caddr_t;
         ^
/usr/include/x86_64-linux-gnu/sys/types.h:122:9: error: '__key_t' does not name a type
 typedef __key_t key_t;
         ^
In file included from /usr/include/x86_64-linux-gnu/sys/types.h:132:0,
                 from /usr/include/stdlib.h:314,
                 from tools/alglib/ap.h:23,
                 from tools/alglib/alglibinternal.h:21,
                 from tools/alglib/alglibinternal.cpp:24:
/usr/include/time.h:59:9: error: '__clock_t' does not name a type
 typedef __clock_t clock_t;
         ^
/usr/include/time.h:75:9: error: '__time_t' does not name a type
 typedef __time_t time_t;
         ^
/usr/include/time.h:91:9: error: '__clockid_t' does not name a type
 typedef __clockid_t clockid_t;
         ^
/usr/include/time.h:103:9: error: '__timer_t' does not name a type
 typedef __timer_t timer_t;
         ^
In file included from /usr/include/stdlib.h:314:0,
                 from tools/alglib/ap.h:23,
                 from tools/alglib/alglibinternal.h:21,
                 from tools/alglib/alglibinternal.cpp:24:
/usr/include/x86_64-linux-gnu/sys/types.h:136:9: error: '__useconds_t' does not name a type
 typedef __useconds_t useconds_t;
         ^
/usr/include/x86_64-linux-gnu/sys/types.h:140:9: error: '__suseconds_t' does not name a type
 typedef __suseconds_t suseconds_t;
         ^
In file included from /usr/include/x86_64-linux-gnu/sys/select.h:43:0,
                 from /usr/include/x86_64-linux-gnu/sys/types.h:219,
                 from /usr/include/stdlib.h:314,
                 from tools/alglib/ap.h:23,
                 from tools/alglib/alglibinternal.h:21,
                 from tools/alglib/alglibinternal.cpp:24:
/usr/include/time.h:122:5: error: '__time_t' does not name a type
     __time_t tv_sec;  /* Seconds.  */
     ^
/usr/include/time.h:123:5: error: '__syscall_slong_t' does not name a type
     __syscall_slong_t tv_nsec; /* Nanoseconds.  */
     ^
In file included from /usr/include/x86_64-linux-gnu/sys/select.h:45:0,
                 from /usr/include/x86_64-linux-gnu/sys/types.h:219,
                 from /usr/include/stdlib.h:314,
                 from tools/alglib/ap.h:23,
                 from tools/alglib/alglibinternal.h:21,
                 from tools/alglib/alglibinternal.cpp:24:
/usr/include/x86_64-linux-gnu/bits/time.h:32:5: error: '__time_t' does not name a type
     __time_t tv_sec;  /* Seconds.  */
     ^
/usr/include/x86_64-linux-gnu/bits/time.h:33:5: error: '__suseconds_t' does not name a type
     __suseconds_t tv_usec; /* Microseconds.  */
     ^
In file included from /usr/include/stdlib.h:314:0,
                 from tools/alglib/ap.h:23,
                 from tools/alglib/alglibinternal.h:21,
                 from tools/alglib/alglibinternal.cpp:24:
/usr/include/x86_64-linux-gnu/sys/types.h:228:9: error: '__blksize_t' does not name a type
 typedef __blksize_t blksize_t;
         ^
/usr/include/x86_64-linux-gnu/sys/types.h:235:9: error: '__blkcnt_t' does not name a type
 typedef __blkcnt_t blkcnt_t;  /* Type to count number of disk blocks.  */
         ^
/usr/include/x86_64-linux-gnu/sys/types.h:239:9: error: '__fsblkcnt_t' does not name a type
 typedef __fsblkcnt_t fsblkcnt_t; /* Type to count file system blocks.  */
         ^
/usr/include/x86_64-linux-gnu/sys/types.h:243:9: error: '__fsfilcnt_t' does not name a type
 typedef __fsfilcnt_t fsfilcnt_t; /* Type to count file system inodes.  */
         ^
/usr/include/x86_64-linux-gnu/sys/types.h:262:9: error: '__blkcnt64_t' does not name a type
 typedef __blkcnt64_t blkcnt64_t;     /* Type to count number of disk blocks. */
         ^
/usr/include/x86_64-linux-gnu/sys/types.h:263:9: error: '__fsblkcnt64_t' does not name a type
 typedef __fsblkcnt64_t fsblkcnt64_t; /* Type to count file system blocks.  */
         ^
/usr/include/x86_64-linux-gnu/sys/types.h:264:9: error: '__fsfilcnt64_t' does not name a type
 typedef __fsfilcnt64_t fsfilcnt64_t; /* Type to count file system inodes.  */
         ^
In file included from tools/alglib/ap.h:23:0,
                 from tools/alglib/alglibinternal.h:21,
                 from tools/alglib/alglibinternal.cpp:24:
/usr/include/stdlib.h:331:4: error: 'size_t' has not been declared
    size_t __statelen) __THROW __nonnull ((2));
    ^
/usr/include/stdlib.h:361:4: error: 'size_t' has not been declared
    size_t __statelen,
    ^
/usr/include/stdlib.h:466:22: error: 'size_t' was not declared in this scope
 extern void *malloc (size_t __size) __THROW __attribute_malloc__ __wur;
                      ^
In file included from /usr/include/features.h:374:0,
                 from /usr/include/stdio.h:27,
                 from tools/alglib/ap.h:22,
                 from tools/alglib/alglibinternal.h:21,
                 from tools/alglib/alglibinternal.cpp:24:
/usr/include/stdlib.h:466:37: error: expected ',' or ';' before 'throw'
 extern void *malloc (size_t __size) __THROW __attribute_malloc__ __wur;
                                     ^
In file included from tools/alglib/ap.h:23:0,
                 from tools/alglib/alglibinternal.h:21,
                 from tools/alglib/alglibinternal.cpp:24:
/usr/include/stdlib.h:468:22: error: 'size_t' was not declared in this scope
 extern void *calloc (size_t __nmemb, size_t __size)
                      ^
/usr/include/stdlib.h:468:38: error: 'size_t' was not declared in this scope
 extern void *calloc (size_t __nmemb, size_t __size)
                                      ^
/usr/include/stdlib.h:468:51: error: expression list treated as compound expression in initializer [-fpermissive]
 extern void *calloc (size_t __nmemb, size_t __size)
                                                   ^
In file included from /usr/include/features.h:374:0,
                 from /usr/include/stdio.h:27,
                 from tools/alglib/ap.h:22,
                 from tools/alglib/alglibinternal.h:21,
                 from tools/alglib/alglibinternal.cpp:24:
/usr/include/stdlib.h:469:6: error: expected ',' or ';' before 'throw'
      __THROW __attribute_malloc__ __wur;
      ^
In file included from tools/alglib/ap.h:23:0,
                 from tools/alglib/alglibinternal.h:21,
                 from tools/alglib/alglibinternal.cpp:24:
/usr/include/stdlib.h:480:36: error: 'size_t' has not been declared
 extern void *realloc (void *__ptr, size_t __size)
                                    ^
In file included from /usr/include/stdlib.h:492:0,
                 from tools/alglib/ap.h:23,
                 from tools/alglib/alglibinternal.h:21,
                 from tools/alglib/alglibinternal.cpp:24:
/usr/include/alloca.h:32:22: error: 'size_t' was not declared in this scope
 extern void *alloca (size_t __size) __THROW;
                      ^
In file included from /usr/include/features.h:374:0,
                 from /usr/include/stdio.h:27,
                 from tools/alglib/ap.h:22,
                 from tools/alglib/alglibinternal.h:21,
                 from tools/alglib/alglibinternal.cpp:24:
/usr/include/alloca.h:32:37: error: expected ',' or ';' before 'throw'
 extern void *alloca (size_t __size) __THROW;
                                     ^
In file included from tools/alglib/ap.h:23:0,
                 from tools/alglib/alglibinternal.h:21,
                 from tools/alglib/alglibinternal.cpp:24:
/usr/include/stdlib.h:498:22: error: 'size_t' was not declared in this scope
 extern void *valloc (size_t __size) __THROW __attribute_malloc__ __wur;
                      ^
In file included from /usr/include/features.h:374:0,
                 from /usr/include/stdio.h:27,
                 from tools/alglib/ap.h:22,
                 from tools/alglib/alglibinternal.h:21,
                 from tools/alglib/alglibinternal.cpp:24:
/usr/include/stdlib.h:498:37: error: expected ',' or ';' before 'throw'
 extern void *valloc (size_t __size) __THROW __attribute_malloc__ __wur;
                                     ^
In file included from tools/alglib/ap.h:23:0,
                 from tools/alglib/alglibinternal.h:21,
                 from tools/alglib/alglibinternal.cpp:24:
/usr/include/stdlib.h:503:45: error: 'size_t' has not been declared
 extern int posix_memalign (void **__memptr, size_t __alignment, size_t __size)
                                             ^
/usr/include/stdlib.h:503:65: error: 'size_t' has not been declared
 extern int posix_memalign (void **__memptr, size_t __alignment, size_t __size)
                                                                 ^
/usr/include/stdlib.h:509:29: error: 'size_t' was not declared in this scope
 extern void *aligned_alloc (size_t __alignment, size_t __size)
                             ^
/usr/include/stdlib.h:509:49: error: 'size_t' was not declared in this scope
 extern void *aligned_alloc (size_t __alignment, size_t __size)
                                                 ^
/usr/include/stdlib.h:509:62: error: expression list treated as compound expression in initializer [-fpermissive]
 extern void *aligned_alloc (size_t __alignment, size_t __size)
                                                              ^
In file included from /usr/include/features.h:374:0,
                 from /usr/include/stdio.h:27,
                 from tools/alglib/ap.h:22,
                 from tools/alglib/alglibinternal.h:21,
                 from tools/alglib/alglibinternal.cpp:24:
/usr/include/stdlib.h:510:6: error: expected ',' or ';' before 'throw'
      __THROW __attribute_malloc__ __attribute_alloc_size__ ((2)) __wur;
      ^
In file included from tools/alglib/ap.h:23:0,
                 from tools/alglib/alglibinternal.h:21,
                 from tools/alglib/alglibinternal.cpp:24:
/usr/include/stdlib.h:756:9: error: 'size_t' has not been declared
         size_t __nmemb, size_t __size, __compar_fn_t __compar)
         ^
/usr/include/stdlib.h:756:25: error: 'size_t' has not been declared
         size_t __nmemb, size_t __size, __compar_fn_t __compar)
                         ^
/usr/include/stdlib.h:765:34: error: 'size_t' has not been declared
 extern void qsort (void *__base, size_t __nmemb, size_t __size,
                                  ^
/usr/include/stdlib.h:765:50: error: 'size_t' has not been declared
 extern void qsort (void *__base, size_t __nmemb, size_t __size,
                                                  ^
/usr/include/stdlib.h:768:36: error: 'size_t' has not been declared
 extern void qsort_r (void *__base, size_t __nmemb, size_t __size,
                                    ^
/usr/include/stdlib.h:768:52: error: 'size_t' has not been declared
 extern void qsort_r (void *__base, size_t __nmemb, size_t __size,
                                                    ^
/usr/include/stdlib.h:844:6: error: 'size_t' has not been declared
      size_t __len) __THROW __nonnull ((3, 4, 5));
      ^
/usr/include/stdlib.h:847:6: error: 'size_t' has not been declared
      size_t __len) __THROW __nonnull ((3, 4, 5));
      ^
/usr/include/stdlib.h:851:31: error: 'size_t' has not been declared
       char *__restrict __buf, size_t __len)
                               ^
/usr/include/stdlib.h:855:31: error: 'size_t' has not been declared
       char *__restrict __buf, size_t __len)
                               ^
/usr/include/stdlib.h:863:36: error: 'size_t' has not been declared
 extern int mblen (const char *__s, size_t __n) __THROW;
                                    ^
/usr/include/stdlib.h:867:34: error: 'size_t' has not been declared
      const char *__restrict __s, size_t __n) __THROW;
                                  ^
/usr/include/stdlib.h:874:8: error: 'size_t' does not name a type
 extern size_t mbstowcs (wchar_t *__restrict  __pwcs,
        ^
/usr/include/stdlib.h:877:8: error: 'size_t' does not name a type
 extern size_t wcstombs (char *__restrict __s,
        ^
/usr/include/stdlib.h:940:46: error: 'size_t' has not been declared
 extern int ptsname_r (int __fd, char *__buf, size_t __buflen)
                                              ^
In file included from /usr/include/c++/4.8/cwchar:44:0,
                 from /usr/include/c++/4.8/bits/postypes.h:40,
                 from /usr/include/c++/4.8/bits/char_traits.h:40,
                 from /usr/include/c++/4.8/string:40,
                 from tools/alglib/ap.h:25,
                 from tools/alglib/alglibinternal.h:21,
                 from tools/alglib/alglibinternal.cpp:24:
/usr/include/wchar.h:106:9: error: '__mbstate_t' does not name a type
 typedef __mbstate_t mbstate_t;
         ^
/usr/include/wchar.h:151:38: error: 'size_t' has not been declared
     const wchar_t *__restrict __src, size_t __n)
                                      ^
/usr/include/wchar.h:159:38: error: 'size_t' has not been declared
     const wchar_t *__restrict __src, size_t __n)
                                      ^
/usr/include/wchar.h:166:63: error: 'size_t' has not been declared
 extern int wcsncmp (const wchar_t *__s1, const wchar_t *__s2, size_t __n)
                                                               ^
/usr/include/wchar.h:176:4: error: 'size_t' has not been declared
    size_t __n) __THROW;
    ^
/usr/include/wchar.h:186:6: error: 'size_t' has not been declared
      size_t __n, __locale_t __loc) __THROW;
      ^
/usr/include/wchar.h:196:8: error: 'size_t' does not name a type
 extern size_t wcsxfrm (wchar_t *__restrict __s1,
        ^
/usr/include/wchar.h:212:8: error: 'size_t' does not name a type
 extern size_t wcsxfrm_l (wchar_t *__s1, const wchar_t *__s2,
        ^
/usr/include/wchar.h:252:8: error: 'size_t' does not name a type
 extern size_t wcscspn (const wchar_t *__wcs, const wchar_t *__reject)
        ^
/usr/include/wchar.h:256:8: error: 'size_t' does not name a type
 extern size_t wcsspn (const wchar_t *__wcs, const wchar_t *__accept)
        ^
/usr/include/wchar.h:287:8: error: 'size_t' does not name a type
 extern size_t wcslen (const wchar_t *__s) __THROW __attribute_pure__;
        ^
/usr/include/wchar.h:306:8: error: 'size_t' does not name a type
 extern size_t wcsnlen (const wchar_t *__s, size_t __maxlen)
        ^
/usr/include/wchar.h:314:59: error: 'size_t' has not been declared
 extern "C++" wchar_t *wmemchr (wchar_t *__s, wchar_t __c, size_t __n)
                                                           ^
/usr/include/wchar.h:317:10: error: 'size_t' has not been declared
          size_t __n)
          ^
/usr/include/wchar.h:325:63: error: 'size_t' has not been declared
 extern int wmemcmp (const wchar_t *__s1, const wchar_t *__s2, size_t __n)
                                                               ^
/usr/include/wchar.h:330:37: error: 'size_t' has not been declared
     const wchar_t *__restrict __s2, size_t __n) __THROW;
                                     ^
/usr/include/wchar.h:334:63: error: 'size_t' has not been declared
 extern wchar_t *wmemmove (wchar_t *__s1, const wchar_t *__s2, size_t __n)
                                                               ^
/usr/include/wchar.h:338:53: error: 'size_t' has not been declared
 extern wchar_t *wmemset (wchar_t *__s, wchar_t __c, size_t __n) __THROW;
                                                     ^
/usr/include/wchar.h:345:38: error: 'size_t' has not been declared
      const wchar_t *__restrict __s2, size_t __n)
                                      ^
/usr/include/wchar.h:361:27: error: 'mbstate_t' does not name a type
 extern int mbsinit (const mbstate_t *__ps) __THROW __attribute_pure__;
                           ^
/usr/include/wchar.h:365:8: error: 'size_t' does not name a type
 extern size_t mbrtowc (wchar_t *__restrict __pwc,
        ^
/usr/include/wchar.h:370:8: error: 'size_t' does not name a type
 extern size_t wcrtomb (char *__restrict __s, wchar_t __wc,
        ^
/usr/include/wchar.h:374:8: error: 'size_t' does not name a type
 extern size_t __mbrlen (const char *__restrict __s, size_t __n,
        ^
/usr/include/wchar.h:376:8: error: 'size_t' does not name a type
 extern size_t mbrlen (const char *__restrict __s, size_t __n,
        ^
/usr/include/wchar.h:408:8: error: 'size_t' does not name a type
 extern size_t mbsrtowcs (wchar_t *__restrict __dst,
        ^
/usr/include/wchar.h:414:8: error: 'size_t' does not name a type
 extern size_t wcsrtombs (char *__restrict __dst,
        ^
/usr/include/wchar.h:423:8: error: 'size_t' does not name a type
 extern size_t mbsnrtowcs (wchar_t *__restrict __dst,
        ^
/usr/include/wchar.h:429:8: error: 'size_t' does not name a type
 extern size_t wcsnrtombs (char *__restrict __dst,
        ^
/usr/include/wchar.h:443:42: error: 'size_t' has not been declared
 extern int wcswidth (const wchar_t *__s, size_t __n) __THROW;
                                          ^
/usr/include/wchar.h:572:38: error: 'size_t' has not been declared
     const wchar_t *__restrict __src, size_t __n)
                                      ^
/usr/include/wchar.h:580:8: error: '__FILE' does not name a type
 extern __FILE *open_wmemstream (wchar_t **__bufloc, size_t *__sizeloc) __THROW;
        ^
/usr/include/wchar.h:587:19: error: '__FILE' was not declared in this scope
 extern int fwide (__FILE *__fp, int __mode) __THROW;
                   ^
/usr/include/wchar.h:587:27: error: '__fp' was not declared in this scope
 extern int fwide (__FILE *__fp, int __mode) __THROW;
                           ^
/usr/include/wchar.h:587:33: error: expected primary-expression before 'int'
 extern int fwide (__FILE *__fp, int __mode) __THROW;
                                 ^
/usr/include/wchar.h:587:43: error: expression list treated as compound expression in initializer [-fpermissive]
 extern int fwide (__FILE *__fp, int __mode) __THROW;
                                           ^
In file included from /usr/include/features.h:374:0,
                 from /usr/include/stdio.h:27,
                 from tools/alglib/ap.h:22,
                 from tools/alglib/alglibinternal.h:21,
                 from tools/alglib/alglibinternal.cpp:24:
/usr/include/wchar.h:587:45: error: expected ',' or ';' before 'throw'
 extern int fwide (__FILE *__fp, int __mode) __THROW;
                                             ^
In file included from /usr/include/c++/4.8/cwchar:44:0,
                 from /usr/include/c++/4.8/bits/postypes.h:40,
                 from /usr/include/c++/4.8/bits/char_traits.h:40,
                 from /usr/include/c++/4.8/string:40,
                 from tools/alglib/ap.h:25,
                 from tools/alglib/alglibinternal.h:21,
                 from tools/alglib/alglibinternal.cpp:24:
/usr/include/wchar.h:594:22: error: '__FILE' was not declared in this scope
 extern int fwprintf (__FILE *__restrict __stream,
                      ^
/usr/include/wchar.h:594:30: error: expected primary-expression before '__restrict'
 extern int fwprintf (__FILE *__restrict __stream,
                              ^
/usr/include/wchar.h:595:8: error: expected primary-expression before 'const'
        const wchar_t *__restrict __format, ...)
        ^
/usr/include/wchar.h:595:44: error: expected primary-expression before '...' token
        const wchar_t *__restrict __format, ...)
                                            ^
/usr/include/wchar.h:595:47: error: expression list treated as compound expression in initializer [-fpermissive]
        const wchar_t *__restrict __format, ...)
                                               ^
/usr/include/wchar.h:604:47: error: 'size_t' has not been declared
 extern int swprintf (wchar_t *__restrict __s, size_t __n,
                                               ^
/usr/include/wchar.h:612:23: error: '__FILE' was not declared in this scope
 extern int vfwprintf (__FILE *__restrict __s,
                       ^
/usr/include/wchar.h:612:31: error: expected primary-expression before '__restrict'
 extern int vfwprintf (__FILE *__restrict __s,
                               ^
/usr/include/wchar.h:613:9: error: expected primary-expression before 'const'
         const wchar_t *__restrict __format,
         ^
/usr/include/wchar.h:614:9: error: '__gnuc_va_list' was not declared in this scope
         __gnuc_va_list __arg)
         ^
/usr/include/wchar.h:614:29: error: expression list treated as compound expression in initializer [-fpermissive]
         __gnuc_va_list __arg)
                             ^
/usr/include/wchar.h:621:8: error: '__gnuc_va_list' has not been declared
        __gnuc_va_list __arg)
        ^
/usr/include/wchar.h:625:48: error: 'size_t' has not been declared
 extern int vswprintf (wchar_t *__restrict __s, size_t __n,
                                                ^
/usr/include/wchar.h:627:9: error: '__gnuc_va_list' has not been declared
         __gnuc_va_list __arg)
         ^
/usr/include/wchar.h:635:21: error: '__FILE' was not declared in this scope
 extern int fwscanf (__FILE *__restrict __stream,
                     ^
/usr/include/wchar.h:635:29: error: expected primary-expression before '__restrict'
 extern int fwscanf (__FILE *__restrict __stream,
                             ^
/usr/include/wchar.h:636:7: error: expected primary-expression before 'const'
       const wchar_t *__restrict __format, ...)
       ^
/usr/include/wchar.h:636:43: error: expected primary-expression before '...' token
       const wchar_t *__restrict __format, ...)
                                           ^
/usr/include/wchar.h:636:46: error: expression list treated as compound expression in initializer [-fpermissive]
       const wchar_t *__restrict __format, ...)
                                              ^
/usr/include/wchar.h:689:22: error: '__FILE' was not declared in this scope
 extern int vfwscanf (__FILE *__restrict __s,
                      ^
/usr/include/wchar.h:689:30: error: expected primary-expression before '__restrict'
 extern int vfwscanf (__FILE *__restrict __s,
                              ^
/usr/include/wchar.h:690:8: error: expected primary-expression before 'const'
        const wchar_t *__restrict __format,
        ^
/usr/include/wchar.h:691:8: error: '__gnuc_va_list' was not declared in this scope
        __gnuc_va_list __arg)
        ^
/usr/include/wchar.h:691:28: error: expression list treated as compound expression in initializer [-fpermissive]
        __gnuc_va_list __arg)
                            ^
/usr/include/wchar.h:698:7: error: '__gnuc_va_list' has not been declared
       __gnuc_va_list __arg)
       ^
/usr/include/wchar.h:703:8: error: '__gnuc_va_list' has not been declared
        __gnuc_va_list __arg)
        ^
/usr/include/wchar.h:745:23: error: '__FILE' was not declared in this scope
 extern wint_t fgetwc (__FILE *__stream);
                       ^
/usr/include/wchar.h:745:31: error: '__stream' was not declared in this scope
 extern wint_t fgetwc (__FILE *__stream);
                               ^
/usr/include/wchar.h:746:22: error: '__FILE' was not declared in this scope
 extern wint_t getwc (__FILE *__stream);
                      ^
/usr/include/wchar.h:746:30: error: '__stream' was not declared in this scope
 extern wint_t getwc (__FILE *__stream);
                              ^
/usr/include/wchar.h:759:37: error: '__FILE' has not been declared
 extern wint_t fputwc (wchar_t __wc, __FILE *__stream);
                                     ^
/usr/include/wchar.h:760:36: error: '__FILE' has not been declared
 extern wint_t putwc (wchar_t __wc, __FILE *__stream);
                                    ^
/usr/include/wchar.h:775:4: error: '__FILE' has not been declared
    __FILE *__restrict __stream);
    ^
/usr/include/wchar.h:782:6: error: '__FILE' has not been declared
      __FILE *__restrict __stream);
      ^
/usr/include/wchar.h:789:37: error: '__FILE' has not been declared
 extern wint_t ungetwc (wint_t __wc, __FILE *__stream);
                                     ^
/usr/include/wchar.h:801:31: error: '__FILE' was not declared in this scope
 extern wint_t getwc_unlocked (__FILE *__stream);
                               ^
/usr/include/wchar.h:801:39: error: '__stream' was not declared in this scope
 extern wint_t getwc_unlocked (__FILE *__stream);
                                       ^
/usr/include/wchar.h:810:32: error: '__FILE' was not declared in this scope
 extern wint_t fgetwc_unlocked (__FILE *__stream);
                                ^
/usr/include/wchar.h:810:40: error: '__stream' was not declared in this scope
 extern wint_t fgetwc_unlocked (__FILE *__stream);
                                        ^
/usr/include/wchar.h:818:46: error: '__FILE' has not been declared
 extern wint_t fputwc_unlocked (wchar_t __wc, __FILE *__stream);
                                              ^
/usr/include/wchar.h:827:45: error: '__FILE' has not been declared
 extern wint_t putwc_unlocked (wchar_t __wc, __FILE *__stream);
                                             ^
/usr/include/wchar.h:838:6: error: '__FILE' has not been declared
      __FILE *__restrict __stream);
      ^
/usr/include/wchar.h:847:8: error: '__FILE' has not been declared
        __FILE *__restrict __stream);
        ^
/usr/include/wchar.h:855:8: error: 'size_t' does not name a type
 extern size_t wcsftime (wchar_t *__restrict __s, size_t __maxsize,
        ^
/usr/include/wchar.h:865:8: error: 'size_t' does not name a type
 extern size_t wcsftime_l (wchar_t *__restrict __s, size_t __maxsize,
        ^
In file included from /usr/include/c++/4.8/bits/postypes.h:40:0,
                 from /usr/include/c++/4.8/bits/char_traits.h:40,
                 from /usr/include/c++/4.8/string:40,
                 from tools/alglib/ap.h:25,
                 from tools/alglib/alglibinternal.h:21,
                 from tools/alglib/alglibinternal.cpp:24:
/usr/include/c++/4.8/cwchar:64:11: error: '::mbstate_t' has not been declared
   using ::mbstate_t;
           ^
/usr/include/c++/4.8/cwchar:151:11: error: '::mbrlen' has not been declared
   using ::mbrlen;
           ^
/usr/include/c++/4.8/cwchar:152:11: error: '::mbrtowc' has not been declared
   using ::mbrtowc;
           ^
/usr/include/c++/4.8/cwchar:154:11: error: '::mbsrtowcs' has not been declared
   using ::mbsrtowcs;
           ^
/usr/include/c++/4.8/cwchar:176:11: error: '::wcrtomb' has not been declared
   using ::wcrtomb;
           ^
/usr/include/c++/4.8/cwchar:181:11: error: '::wcscspn' has not been declared
   using ::wcscspn;
           ^
/usr/include/c++/4.8/cwchar:182:11: error: '::wcsftime' has not been declared
   using ::wcsftime;
           ^
/usr/include/c++/4.8/cwchar:183:11: error: '::wcslen' has not been declared
   using ::wcslen;
           ^
/usr/include/c++/4.8/cwchar:187:11: error: '::wcsrtombs' has not been declared
   using ::wcsrtombs;
           ^
/usr/include/c++/4.8/cwchar:188:11: error: '::wcsspn' has not been declared
   using ::wcsspn;
           ^
/usr/include/c++/4.8/cwchar:196:11: error: '::wcsxfrm' has not been declared
   using ::wcsxfrm;
           ^
In file included from /usr/include/c++/4.8/bits/char_traits.h:40:0,
                 from /usr/include/c++/4.8/string:40,
                 from tools/alglib/ap.h:25,
                 from tools/alglib/alglibinternal.h:21,
                 from tools/alglib/alglibinternal.cpp:24:
/usr/include/c++/4.8/bits/postypes.h:228:16: error: 'mbstate_t' was not declared in this scope
   typedef fpos<mbstate_t> streampos;
                ^
/usr/include/c++/4.8/bits/postypes.h:228:25: error: template argument 1 is invalid
   typedef fpos<mbstate_t> streampos;
                         ^
/usr/include/c++/4.8/bits/postypes.h:228:36: error: invalid type in declaration before ';' token
   typedef fpos<mbstate_t> streampos;
                                    ^
/usr/include/c++/4.8/bits/postypes.h:230:16: error: 'mbstate_t' was not declared in this scope
   typedef fpos<mbstate_t> wstreampos;
                ^
/usr/include/c++/4.8/bits/postypes.h:230:25: error: template argument 1 is invalid
   typedef fpos<mbstate_t> wstreampos;
                         ^
/usr/include/c++/4.8/bits/postypes.h:230:37: error: invalid type in declaration before ';' token
   typedef fpos<mbstate_t> wstreampos;
                                     ^
In file included from /usr/include/c++/4.8/string:40:0,
                 from tools/alglib/ap.h:25,
                 from tools/alglib/alglibinternal.h:21,
                 from tools/alglib/alglibinternal.cpp:24:
/usr/include/c++/4.8/bits/char_traits.h:63:15: error: 'mbstate_t' in namespace 'std' does not name a type
       typedef std::mbstate_t  state_type;
               ^
/usr/include/c++/4.8/bits/char_traits.h:239:15: error: 'mbstate_t' does not name a type
       typedef mbstate_t         state_type;
               ^
/usr/include/c++/4.8/bits/char_traits.h:310:15: error: 'mbstate_t' does not name a type
       typedef mbstate_t         state_type;
               ^
/usr/include/c++/4.8/bits/char_traits.h: In static member function 'static std::size_t std::char_traits<wchar_t>::length(const char_type*)':
/usr/include/c++/4.8/bits/char_traits.h:330:26: error: 'wcslen' was not declared in this scope
       { return wcslen(__s); }
                          ^
In file included from /usr/include/c++/4.8/cctype:42:0,
                 from /usr/include/c++/4.8/bits/localefwd.h:42,
                 from /usr/include/c++/4.8/string:43,
                 from tools/alglib/ap.h:25,
                 from tools/alglib/alglibinternal.h:21,
                 from tools/alglib/alglibinternal.cpp:24:
/usr/include/ctype.h: At global scope:
/usr/include/ctype.h:81:14: error: '__int32_t' does not name a type
 extern const __int32_t **__ctype_tolower_loc (void)
              ^
/usr/include/ctype.h:83:14: error: '__int32_t' does not name a type
 extern const __int32_t **__ctype_toupper_loc (void)
              ^
In file included from /usr/include/c++/4.8/string:43:0,
                 from tools/alglib/ap.h:25,
                 from tools/alglib/alglibinternal.h:21,
                 from tools/alglib/alglibinternal.cpp:24:
/usr/include/c++/4.8/bits/localefwd.h:133:40: error: 'mbstate_t' was not declared in this scope
   template<> class codecvt<char, char, mbstate_t>;
                                        ^
/usr/include/c++/4.8/bits/localefwd.h:133:49: error: template argument 3 is invalid
   template<> class codecvt<char, char, mbstate_t>;
                                                 ^
/usr/include/c++/4.8/bits/localefwd.h:135:43: error: 'mbstate_t' was not declared in this scope
   template<> class codecvt<wchar_t, char, mbstate_t>;
                                           ^
/usr/include/c++/4.8/bits/localefwd.h:135:52: error: template argument 3 is invalid
   template<> class codecvt<wchar_t, char, mbstate_t>;
                                                    ^
In file included from /usr/include/sched.h:41:0,
                 from /usr/include/pthread.h:23,
                 from /usr/include/x86_64-linux-gnu/c++/4.8/bits/gthr-default.h:35,
                 from /usr/include/x86_64-linux-gnu/c++/4.8/bits/gthr.h:148,
                 from /usr/include/c++/4.8/ext/atomicity.h:35,
                 from /usr/include/c++/4.8/bits/basic_string.h:39,
                 from /usr/include/c++/4.8/string:52,
                 from tools/alglib/ap.h:25,
                 from tools/alglib/alglibinternal.h:21,
                 from tools/alglib/alglibinternal.cpp:24:
/usr/include/x86_64-linux-gnu/bits/sched.h:203:30: error: 'size_t' was not declared in this scope
 extern int __sched_cpucount (size_t __setsize, const cpu_set_t *__setp)
                              ^
/usr/include/x86_64-linux-gnu/bits/sched.h:203:30: note: suggested alternatives:
In file included from /usr/include/c++/4.8/string:38:0,
                 from tools/alglib/ap.h:25,
                 from tools/alglib/alglibinternal.h:21,
                 from tools/alglib/alglibinternal.cpp:24:
/usr/include/x86_64-linux-gnu/c++/4.8/bits/c++config.h:186:26: note:   'std::size_t'
   typedef __SIZE_TYPE__  size_t;
                          ^
/usr/include/x86_64-linux-gnu/c++/4.8/bits/c++config.h:186:26: note:   'std::size_t'
In file included from /usr/include/sched.h:41:0,
                 from /usr/include/pthread.h:23,
                 from /usr/include/x86_64-linux-gnu/c++/4.8/bits/gthr-default.h:35,
                 from /usr/include/x86_64-linux-gnu/c++/4.8/bits/gthr.h:148,
                 from /usr/include/c++/4.8/ext/atomicity.h:35,
                 from /usr/include/c++/4.8/bits/basic_string.h:39,
                 from /usr/include/c++/4.8/string:52,
                 from tools/alglib/ap.h:25,
                 from tools/alglib/alglibinternal.h:21,
                 from tools/alglib/alglibinternal.cpp:24:
/usr/include/x86_64-linux-gnu/bits/sched.h:203:48: error: expected primary-expression before 'const'
 extern int __sched_cpucount (size_t __setsize, const cpu_set_t *__setp)
                                                ^
/usr/include/x86_64-linux-gnu/bits/sched.h:203:71: error: expression list treated as compound expression in initializer [-fpermissive]
 extern int __sched_cpucount (size_t __setsize, const cpu_set_t *__setp)
                                                                       ^
In file included from /usr/include/features.h:374:0,
                 from /usr/include/stdio.h:27,
                 from tools/alglib/ap.h:22,
                 from tools/alglib/alglibinternal.h:21,
                 from tools/alglib/alglibinternal.cpp:24:
/usr/include/x86_64-linux-gnu/bits/sched.h:204:3: error: expected ',' or ';' before 'throw'
   __THROW;
   ^
In file included from /usr/include/sched.h:41:0,
                 from /usr/include/pthread.h:23,
                 from /usr/include/x86_64-linux-gnu/c++/4.8/bits/gthr-default.h:35,
                 from /usr/include/x86_64-linux-gnu/c++/4.8/bits/gthr.h:148,
                 from /usr/include/c++/4.8/ext/atomicity.h:35,
                 from /usr/include/c++/4.8/bits/basic_string.h:39,
                 from /usr/include/c++/4.8/string:52,
                 from tools/alglib/ap.h:25,
                 from tools/alglib/alglibinternal.h:21,
                 from tools/alglib/alglibinternal.cpp:24:
/usr/include/x86_64-linux-gnu/bits/sched.h:205:37: error: 'size_t' was not declared in this scope
 extern cpu_set_t *__sched_cpualloc (size_t __count) __THROW __wur;
                                     ^
/usr/include/x86_64-linux-gnu/bits/sched.h:205:37: note: suggested alternatives:
In file included from /usr/include/c++/4.8/string:38:0,
                 from tools/alglib/ap.h:25,
                 from tools/alglib/alglibinternal.h:21,
                 from tools/alglib/alglibinternal.cpp:24:
/usr/include/x86_64-linux-gnu/c++/4.8/bits/c++config.h:186:26: note:   'std::size_t'
   typedef __SIZE_TYPE__  size_t;
                          ^
/usr/include/x86_64-linux-gnu/c++/4.8/bits/c++config.h:186:26: note:   'std::size_t'
In file included from /usr/include/features.h:374:0,
                 from /usr/include/stdio.h:27,
                 from tools/alglib/ap.h:22,
                 from tools/alglib/alglibinternal.h:21,
                 from tools/alglib/alglibinternal.cpp:24:
/usr/include/x86_64-linux-gnu/bits/sched.h:205:53: error: expected ',' or ';' before 'throw'
 extern cpu_set_t *__sched_cpualloc (size_t __count) __THROW __wur;
                                                     ^
In file included from /usr/include/pthread.h:23:0,
                 from /usr/include/x86_64-linux-gnu/c++/4.8/bits/gthr-default.h:35,
                 from /usr/include/x86_64-linux-gnu/c++/4.8/bits/gthr.h:148,
                 from /usr/include/c++/4.8/ext/atomicity.h:35,
                 from /usr/include/c++/4.8/bits/basic_string.h:39,
                 from /usr/include/c++/4.8/string:52,
                 from tools/alglib/ap.h:25,
                 from tools/alglib/alglibinternal.h:21,
                 from tools/alglib/alglibinternal.cpp:24:
/usr/include/sched.h:49:28: error: '__pid_t' was not declared in this scope
 extern int sched_setparam (__pid_t __pid, const struct sched_param *__param)
                            ^
/usr/include/sched.h:49:43: error: expected primary-expression before 'const'
 extern int sched_setparam (__pid_t __pid, const struct sched_param *__param)
                                           ^
/usr/include/sched.h:49:76: error: expression list treated as compound expression in initializer [-fpermissive]
 extern int sched_setparam (__pid_t __pid, const struct sched_param *__param)
                                                                            ^
In file included from /usr/include/features.h:374:0,
                 from /usr/include/stdio.h:27,
                 from tools/alglib/ap.h:22,
                 from tools/alglib/alglibinternal.h:21,
                 from tools/alglib/alglibinternal.cpp:24:
/usr/include/sched.h:50:6: error: expected ',' or ';' before 'throw'
      __THROW;
      ^
In file included from /usr/include/pthread.h:23:0,
                 from /usr/include/x86_64-linux-gnu/c++/4.8/bits/gthr-default.h:35,
                 from /usr/include/x86_64-linux-gnu/c++/4.8/bits/gthr.h:148,
                 from /usr/include/c++/4.8/ext/atomicity.h:35,
                 from /usr/include/c++/4.8/bits/basic_string.h:39,
                 from /usr/include/c++/4.8/string:52,
                 from tools/alglib/ap.h:25,
                 from tools/alglib/alglibinternal.h:21,
                 from tools/alglib/alglibinternal.cpp:24:
/usr/include/sched.h:53:28: error: '__pid_t' was not declared in this scope
 extern int sched_getparam (__pid_t __pid, struct sched_param *__param) __THROW;
                            ^
/usr/include/sched.h:53:43: error: expected primary-expression before 'struct'
 extern int sched_getparam (__pid_t __pid, struct sched_param *__param) __THROW;
                                           ^
/usr/include/sched.h:53:70: error: expression list treated as compound expression in initializer [-fpermissive]
 extern int sched_getparam (__pid_t __pid, struct sched_param *__param) __THROW;
                                                                      ^
In file included from /usr/include/features.h:374:0,
                 from /usr/include/stdio.h:27,
                 from tools/alglib/ap.h:22,
                 from tools/alglib/alglibinternal.h:21,
                 from tools/alglib/alglibinternal.cpp:24:
/usr/include/sched.h:53:72: error: expected ',' or ';' before 'throw'
 extern int sched_getparam (__pid_t __pid, struct sched_param *__param) __THROW;
                                                                        ^
In file included from /usr/include/pthread.h:23:0,
                 from /usr/include/x86_64-linux-gnu/c++/4.8/bits/gthr-default.h:35,
                 from /usr/include/x86_64-linux-gnu/c++/4.8/bits/gthr.h:148,
                 from /usr/include/c++/4.8/ext/atomicity.h:35,
                 from /usr/include/c++/4.8/bits/basic_string.h:39,
                 from /usr/include/c++/4.8/string:52,
                 from tools/alglib/ap.h:25,
                 from tools/alglib/alglibinternal.h:21,
                 from tools/alglib/alglibinternal.cpp:24:
/usr/include/sched.h:56:32: error: '__pid_t' was not declared in this scope
 extern int sched_setscheduler (__pid_t __pid, int __policy,
                                ^
/usr/include/sched.h:56:47: error: expected primary-expression before 'int'
 extern int sched_setscheduler (__pid_t __pid, int __policy,
                                               ^
/usr/include/sched.h:57:11: error: expected primary-expression before 'const'
           const struct sched_param *__param) __THROW;
           ^
/usr/include/sched.h:57:44: error: expression list treated as compound expression in initializer [-fpermissive]
           const struct sched_param *__param) __THROW;
                                            ^
In file included from /usr/include/features.h:374:0,
                 from /usr/include/stdio.h:27,
                 from tools/alglib/ap.h:22,
                 from tools/alglib/alglibinternal.h:21,
                 from tools/alglib/alglibinternal.cpp:24:
/usr/include/sched.h:57:46: error: expected ',' or ';' before 'throw'
           const struct sched_param *__param) __THROW;
                                              ^
In file included from /usr/include/pthread.h:23:0,
                 from /usr/include/x86_64-linux-gnu/c++/4.8/bits/gthr-default.h:35,
                 from /usr/include/x86_64-linux-gnu/c++/4.8/bits/gthr.h:148,
                 from /usr/include/c++/4.8/ext/atomicity.h:35,
                 from /usr/include/c++/4.8/bits/basic_string.h:39,
                 from /usr/include/c++/4.8/string:52,
                 from tools/alglib/ap.h:25,
                 from tools/alglib/alglibinternal.h:21,
                 from tools/alglib/alglibinternal.cpp:24:
/usr/include/sched.h:60:32: error: '__pid_t' was not declared in this scope
 extern int sched_getscheduler (__pid_t __pid) __THROW;
                                ^
In file included from /usr/include/features.h:374:0,
                 from /usr/include/stdio.h:27,
                 from tools/alglib/ap.h:22,
                 from tools/alglib/alglibinternal.h:21,
                 from tools/alglib/alglibinternal.cpp:24:
/usr/include/sched.h:60:47: error: expected ',' or ';' before 'throw'
 extern int sched_getscheduler (__pid_t __pid) __THROW;
                                               ^
In file included from /usr/include/pthread.h:23:0,
                 from /usr/include/x86_64-linux-gnu/c++/4.8/bits/gthr-default.h:35,
                 from /usr/include/x86_64-linux-gnu/c++/4.8/bits/gthr.h:148,
                 from /usr/include/c++/4.8/ext/atomicity.h:35,
                 from /usr/include/c++/4.8/bits/basic_string.h:39,
                 from /usr/include/c++/4.8/string:52,
                 from tools/alglib/ap.h:25,
                 from tools/alglib/alglibinternal.h:21,
                 from tools/alglib/alglibinternal.cpp:24:
/usr/include/sched.h:72:35: error: '__pid_t' was not declared in this scope
 extern int sched_rr_get_interval (__pid_t __pid, struct timespec *__t) __THROW;
                                   ^
/usr/include/sched.h:72:50: error: expected primary-expression before 'struct'
 extern int sched_rr_get_interval (__pid_t __pid, struct timespec *__t) __THROW;
                                                  ^
/usr/include/sched.h:72:70: error: expression list treated as compound expression in initializer [-fpermissive]
 extern int sched_rr_get_interval (__pid_t __pid, struct timespec *__t) __THROW;
                                                                      ^
In file included from /usr/include/features.h:374:0,
                 from /usr/include/stdio.h:27,
                 from tools/alglib/ap.h:22,
                 from tools/alglib/alglibinternal.h:21,
                 from tools/alglib/alglibinternal.cpp:24:
/usr/include/sched.h:72:72: error: expected ',' or ';' before 'throw'
 extern int sched_rr_get_interval (__pid_t __pid, struct timespec *__t) __THROW;
                                                                        ^
In file included from /usr/include/pthread.h:23:0,
                 from /usr/include/x86_64-linux-gnu/c++/4.8/bits/gthr-default.h:35,
                 from /usr/include/x86_64-linux-gnu/c++/4.8/bits/gthr.h:148,
                 from /usr/include/c++/4.8/ext/atomicity.h:35,
                 from /usr/include/c++/4.8/bits/basic_string.h:39,
                 from /usr/include/c++/4.8/string:52,
                 from tools/alglib/ap.h:25,
                 from tools/alglib/alglibinternal.h:21,
                 from tools/alglib/alglibinternal.cpp:24:
/usr/include/sched.h:116:31: error: '__pid_t' was not declared in this scope
 extern int sched_setaffinity (__pid_t __pid, size_t __cpusetsize,
                               ^
/usr/include/sched.h:116:46: error: 'size_t' was not declared in this scope
 extern int sched_setaffinity (__pid_t __pid, size_t __cpusetsize,
                                              ^
/usr/include/sched.h:116:46: note: suggested alternatives:
In file included from /usr/include/c++/4.8/string:38:0,
                 from tools/alglib/ap.h:25,
                 from tools/alglib/alglibinternal.h:21,
                 from tools/alglib/alglibinternal.cpp:24:
/usr/include/x86_64-linux-gnu/c++/4.8/bits/c++config.h:186:26: note:   'std::size_t'
   typedef __SIZE_TYPE__  size_t;
                          ^
/usr/include/x86_64-linux-gnu/c++/4.8/bits/c++config.h:186:26: note:   'std::size_t'
In file included from /usr/include/pthread.h:23:0,
                 from /usr/include/x86_64-linux-gnu/c++/4.8/bits/gthr-default.h:35,
                 from /usr/include/x86_64-linux-gnu/c++/4.8/bits/gthr.h:148,
                 from /usr/include/c++/4.8/ext/atomicity.h:35,
                 from /usr/include/c++/4.8/bits/basic_string.h:39,
                 from /usr/include/c++/4.8/string:52,
                 from tools/alglib/ap.h:25,
                 from tools/alglib/alglibinternal.h:21,
                 from tools/alglib/alglibinternal.cpp:24:
/usr/include/sched.h:117:10: error: expected primary-expression before 'const'
          const cpu_set_t *__cpuset) __THROW;
          ^
/usr/include/sched.h:117:35: error: expression list treated as compound expression in initializer [-fpermissive]
          const cpu_set_t *__cpuset) __THROW;
                                   ^
In file included from /usr/include/features.h:374:0,
                 from /usr/include/stdio.h:27,
                 from tools/alglib/ap.h:22,
                 from tools/alglib/alglibinternal.h:21,
                 from tools/alglib/alglibinternal.cpp:24:
/usr/include/sched.h:117:37: error: expected ',' or ';' before 'throw'
          const cpu_set_t *__cpuset) __THROW;
                                     ^
In file included from /usr/include/pthread.h:23:0,
                 from /usr/include/x86_64-linux-gnu/c++/4.8/bits/gthr-default.h:35,
                 from /usr/include/x86_64-linux-gnu/c++/4.8/bits/gthr.h:148,
                 from /usr/include/c++/4.8/ext/atomicity.h:35,
                 from /usr/include/c++/4.8/bits/basic_string.h:39,
                 from /usr/include/c++/4.8/string:52,
                 from tools/alglib/ap.h:25,
                 from tools/alglib/alglibinternal.h:21,
                 from tools/alglib/alglibinternal.cpp:24:
/usr/include/sched.h:120:31: error: '__pid_t' was not declared in this scope
 extern int sched_getaffinity (__pid_t __pid, size_t __cpusetsize,
                               ^
/usr/include/sched.h:120:46: error: 'size_t' was not declared in this scope
 extern int sched_getaffinity (__pid_t __pid, size_t __cpusetsize,
                                              ^
/usr/include/sched.h:120:46: note: suggested alternatives:
In file included from /usr/include/c++/4.8/string:38:0,
                 from tools/alglib/ap.h:25,
                 from tools/alglib/alglibinternal.h:21,
                 from tools/alglib/alglibinternal.cpp:24:
/usr/include/x86_64-linux-gnu/c++/4.8/bits/c++config.h:186:26: note:   'std::size_t'
   typedef __SIZE_TYPE__  size_t;
                          ^
/usr/include/x86_64-linux-gnu/c++/4.8/bits/c++config.h:186:26: note:   'std::size_t'
In file included from /usr/include/pthread.h:23:0,
                 from /usr/include/x86_64-linux-gnu/c++/4.8/bits/gthr-default.h:35,
                 from /usr/include/x86_64-linux-gnu/c++/4.8/bits/gthr.h:148,
                 from /usr/include/c++/4.8/ext/atomicity.h:35,
                 from /usr/include/c++/4.8/bits/basic_string.h:39,
                 from /usr/include/c++/4.8/string:52,
                 from tools/alglib/ap.h:25,
                 from tools/alglib/alglibinternal.h:21,
                 from tools/alglib/alglibinternal.cpp:24:
/usr/include/sched.h:121:20: error: expected primary-expression before '*' token
          cpu_set_t *__cpuset) __THROW;
                    ^
/usr/include/sched.h:121:21: error: '__cpuset' was not declared in this scope
          cpu_set_t *__cpuset) __THROW;
                     ^
/usr/include/sched.h:121:29: error: expression list treated as compound expression in initializer [-fpermissive]
          cpu_set_t *__cpuset) __THROW;
                             ^
In file included from /usr/include/features.h:374:0,
                 from /usr/include/stdio.h:27,
                 from tools/alglib/ap.h:22,
                 from tools/alglib/alglibinternal.h:21,
                 from tools/alglib/alglibinternal.cpp:24:
/usr/include/sched.h:121:31: error: expected ',' or ';' before 'throw'
          cpu_set_t *__cpuset) __THROW;
                               ^
In file included from /usr/include/x86_64-linux-gnu/bits/time.h:86:0,
                 from /usr/include/time.h:41,
                 from /usr/include/pthread.h:24,
                 from /usr/include/x86_64-linux-gnu/c++/4.8/bits/gthr-default.h:35,
                 from /usr/include/x86_64-linux-gnu/c++/4.8/bits/gthr.h:148,
                 from /usr/include/c++/4.8/ext/atomicity.h:35,
                 from /usr/include/c++/4.8/bits/basic_string.h:39,
                 from /usr/include/c++/4.8/string:52,
                 from tools/alglib/ap.h:25,
                 from tools/alglib/alglibinternal.h:21,
                 from tools/alglib/alglibinternal.cpp:24:
/usr/include/x86_64-linux-gnu/bits/timex.h:28:3: error: '__syscall_slong_t' does not name a type
   __syscall_slong_t offset; /* time offset (usec) */
   ^
/usr/include/x86_64-linux-gnu/bits/timex.h:29:3: error: '__syscall_slong_t' does not name a type
   __syscall_slong_t freq; /* frequency offset (scaled ppm) */
   ^
/usr/include/x86_64-linux-gnu/bits/timex.h:30:3: error: '__syscall_slong_t' does not name a type
   __syscall_slong_t maxerror; /* maximum error (usec) */
   ^
/usr/include/x86_64-linux-gnu/bits/timex.h:31:3: error: '__syscall_slong_t' does not name a type
   __syscall_slong_t esterror; /* estimated error (usec) */
   ^
/usr/include/x86_64-linux-gnu/bits/timex.h:33:3: error: '__syscall_slong_t' does not name a type
   __syscall_slong_t constant; /* pll time constant */
   ^
/usr/include/x86_64-linux-gnu/bits/timex.h:34:3: error: '__syscall_slong_t' does not name a type
   __syscall_slong_t precision; /* clock precision (usec) (ro) */
   ^
/usr/include/x86_64-linux-gnu/bits/timex.h:35:3: error: '__syscall_slong_t' does not name a type
   __syscall_slong_t tolerance; /* clock frequency tolerance (ppm) (ro) */
   ^
/usr/include/x86_64-linux-gnu/bits/timex.h:37:3: error: '__syscall_slong_t' does not name a type
   __syscall_slong_t tick; /* (modified) usecs between clock ticks */
   ^
/usr/include/x86_64-linux-gnu/bits/timex.h:38:3: error: '__syscall_slong_t' does not name a type
   __syscall_slong_t ppsfreq; /* pps frequency (scaled ppm) (ro) */
   ^
/usr/include/x86_64-linux-gnu/bits/timex.h:39:3: error: '__syscall_slong_t' does not name a type
   __syscall_slong_t jitter; /* pps jitter (us) (ro) */
   ^
/usr/include/x86_64-linux-gnu/bits/timex.h:41:3: error: '__syscall_slong_t' does not name a type
   __syscall_slong_t stabil; /* pps stability (scaled ppm) (ro) */
   ^
/usr/include/x86_64-linux-gnu/bits/timex.h:42:3: error: '__syscall_slong_t' does not name a type
   __syscall_slong_t jitcnt; /* jitter limit exceeded (ro) */
   ^
/usr/include/x86_64-linux-gnu/bits/timex.h:43:3: error: '__syscall_slong_t' does not name a type
   __syscall_slong_t calcnt; /* calibration intervals (ro) */
   ^
/usr/include/x86_64-linux-gnu/bits/timex.h:44:3: error: '__syscall_slong_t' does not name a type
   __syscall_slong_t errcnt; /* calibration errors (ro) */
   ^
/usr/include/x86_64-linux-gnu/bits/timex.h:45:3: error: '__syscall_slong_t' does not name a type
   __syscall_slong_t stbcnt; /* stability limit exceeded (ro) */
   ^
In file included from /usr/include/time.h:41:0,
                 from /usr/include/pthread.h:24,
                 from /usr/include/x86_64-linux-gnu/c++/4.8/bits/gthr-default.h:35,
                 from /usr/include/x86_64-linux-gnu/c++/4.8/bits/gthr.h:148,
                 from /usr/include/c++/4.8/ext/atomicity.h:35,
                 from /usr/include/c++/4.8/bits/basic_string.h:39,
                 from /usr/include/c++/4.8/string:52,
                 from tools/alglib/ap.h:25,
                 from tools/alglib/alglibinternal.h:21,
                 from tools/alglib/alglibinternal.cpp:24:
/usr/include/x86_64-linux-gnu/bits/time.h:91:27: error: '__clockid_t' was not declared in this scope
 extern int clock_adjtime (__clockid_t __clock_id, struct timex *__utx) __THROW;
                           ^
/usr/include/x86_64-linux-gnu/bits/time.h:91:51: error: expected primary-expression before 'struct'
 extern int clock_adjtime (__clockid_t __clock_id, struct timex *__utx) __THROW;
                                                   ^
/usr/include/x86_64-linux-gnu/bits/time.h:91:70: error: expression list treated as compound expression in initializer [-fpermissive]
 extern int clock_adjtime (__clockid_t __clock_id, struct timex *__utx) __THROW;
                                                                      ^
In file included from /usr/include/features.h:374:0,
                 from /usr/include/stdio.h:27,
                 from tools/alglib/ap.h:22,
                 from tools/alglib/alglibinternal.h:21,
                 from tools/alglib/alglibinternal.cpp:24:
/usr/include/x86_64-linux-gnu/bits/time.h:91:72: error: expected ',' or ';' before 'throw'
 extern int clock_adjtime (__clockid_t __clock_id, struct timex *__utx) __THROW;
                                                                        ^
In file included from /usr/include/pthread.h:24:0,
                 from /usr/include/x86_64-linux-gnu/c++/4.8/bits/gthr-default.h:35,
                 from /usr/include/x86_64-linux-gnu/c++/4.8/bits/gthr.h:148,
                 from /usr/include/c++/4.8/ext/atomicity.h:35,
                 from /usr/include/c++/4.8/bits/basic_string.h:39,
                 from /usr/include/c++/4.8/string:52,
                 from tools/alglib/ap.h:25,
                 from tools/alglib/alglibinternal.h:21,
                 from tools/alglib/alglibinternal.cpp:24:
/usr/include/time.h:189:8: error: 'clock_t' does not name a type
 extern clock_t clock (void) __THROW;
        ^
/usr/include/time.h:192:8: error: 'time_t' does not name a type
 extern time_t time (time_t *__timer) __THROW;
        ^
/usr/include/time.h:195:25: error: 'time_t' was not declared in this scope
 extern double difftime (time_t __time1, time_t __time0)
                         ^
/usr/include/time.h:195:41: error: 'time_t' was not declared in this scope
 extern double difftime (time_t __time1, time_t __time0)
                                         ^
/usr/include/time.h:195:55: error: expression list treated as compound expression in initializer [-fpermissive]
 extern double difftime (time_t __time1, time_t __time0)
                                                       ^
In file included from /usr/include/features.h:374:0,
                 from /usr/include/stdio.h:27,
                 from tools/alglib/ap.h:22,
                 from tools/alglib/alglibinternal.h:21,
                 from tools/alglib/alglibinternal.cpp:24:
/usr/include/time.h:196:6: error: expected ',' or ';' before 'throw'
      __THROW __attribute__ ((__const__));
      ^
In file included from /usr/include/pthread.h:24:0,
                 from /usr/include/x86_64-linux-gnu/c++/4.8/bits/gthr-default.h:35,
                 from /usr/include/x86_64-linux-gnu/c++/4.8/bits/gthr.h:148,
                 from /usr/include/c++/4.8/ext/atomicity.h:35,
                 from /usr/include/c++/4.8/bits/basic_string.h:39,
                 from /usr/include/c++/4.8/string:52,
                 from tools/alglib/ap.h:25,
                 from tools/alglib/alglibinternal.h:21,
                 from tools/alglib/alglibinternal.cpp:24:
/usr/include/time.h:199:8: error: 'time_t' does not name a type
 extern time_t mktime (struct tm *__tp) __THROW;
        ^
/usr/include/time.h:205:8: error: 'size_t' does not name a type
 extern size_t strftime (char *__restrict __s, size_t __maxsize,
        ^
/usr/include/time.h:223:8: error: 'size_t' does not name a type
 extern size_t strftime_l (char *__restrict __s, size_t __maxsize,
        ^
/usr/include/time.h:239:33: error: 'time_t' does not name a type
 extern struct tm *gmtime (const time_t *__timer) __THROW;
                                 ^
/usr/include/time.h:243:36: error: 'time_t' does not name a type
 extern struct tm *localtime (const time_t *__timer) __THROW;
                                    ^
/usr/include/time.h:249:35: error: 'time_t' does not name a type
 extern struct tm *gmtime_r (const time_t *__restrict __timer,
                                   ^
/usr/include/time.h:254:38: error: 'time_t' does not name a type
 extern struct tm *localtime_r (const time_t *__restrict __timer,
                                      ^
/usr/include/time.h:264:27: error: 'time_t' does not name a type
 extern char *ctime (const time_t *__timer) __THROW;
                           ^
/usr/include/time.h:276:29: error: 'time_t' does not name a type
 extern char *ctime_r (const time_t *__restrict __timer,
                             ^
/usr/include/time.h:304:25: error: 'time_t' does not name a type
 extern int stime (const time_t *__when) __THROW;
                         ^
/usr/include/time.h:319:8: error: 'time_t' does not name a type
 extern time_t timegm (struct tm *__tp) __THROW;
        ^
/usr/include/time.h:322:8: error: 'time_t' does not name a type
 extern time_t timelocal (struct tm *__tp) __THROW;
        ^
/usr/include/time.h:339:26: error: 'clockid_t' was not declared in this scope
 extern int clock_getres (clockid_t __clock_id, struct timespec *__res) __THROW;
                          ^
/usr/include/time.h:339:48: error: expected primary-expression before 'struct'
 extern int clock_getres (clockid_t __clock_id, struct timespec *__res) __THROW;
                                                ^
/usr/include/time.h:339:70: error: expression list treated as compound expression in initializer [-fpermissive]
 extern int clock_getres (clockid_t __clock_id, struct timespec *__res) __THROW;
                                                                      ^
In file included from /usr/include/features.h:374:0,
                 from /usr/include/stdio.h:27,
                 from tools/alglib/ap.h:22,
                 from tools/alglib/alglibinternal.h:21,
                 from tools/alglib/alglibinternal.cpp:24:
/usr/include/time.h:339:72: error: expected ',' or ';' before 'throw'
 extern int clock_getres (clockid_t __clock_id, struct timespec *__res) __THROW;
                                                                        ^
In file included from /usr/include/pthread.h:24:0,
                 from /usr/include/x86_64-linux-gnu/c++/4.8/bits/gthr-default.h:35,
                 from /usr/include/x86_64-linux-gnu/c++/4.8/bits/gthr.h:148,
                 from /usr/include/c++/4.8/ext/atomicity.h:35,
                 from /usr/include/c++/4.8/bits/basic_string.h:39,
                 from /usr/include/c++/4.8/string:52,
                 from tools/alglib/ap.h:25,
                 from tools/alglib/alglibinternal.h:21,
                 from tools/alglib/alglibinternal.cpp:24:
/usr/include/time.h:342:27: error: 'clockid_t' was not declared in this scope
 extern int clock_gettime (clockid_t __clock_id, struct timespec *__tp) __THROW;
                           ^
/usr/include/time.h:342:49: error: expected primary-expression before 'struct'
 extern int clock_gettime (clockid_t __clock_id, struct timespec *__tp) __THROW;
                                                 ^
/usr/include/time.h:342:70: error: expression list treated as compound expression in initializer [-fpermissive]
 extern int clock_gettime (clockid_t __clock_id, struct timespec *__tp) __THROW;
                                                                      ^
In file included from /usr/include/features.h:374:0,
                 from /usr/include/stdio.h:27,
                 from tools/alglib/ap.h:22,
                 from tools/alglib/alglibinternal.h:21,
                 from tools/alglib/alglibinternal.cpp:24:
/usr/include/time.h:342:72: error: expected ',' or ';' before 'throw'
 extern int clock_gettime (clockid_t __clock_id, struct timespec *__tp) __THROW;
                                                                        ^
In file included from /usr/include/pthread.h:24:0,
                 from /usr/include/x86_64-linux-gnu/c++/4.8/bits/gthr-default.h:35,
                 from /usr/include/x86_64-linux-gnu/c++/4.8/bits/gthr.h:148,
                 from /usr/include/c++/4.8/ext/atomicity.h:35,
                 from /usr/include/c++/4.8/bits/basic_string.h:39,
                 from /usr/include/c++/4.8/string:52,
                 from tools/alglib/ap.h:25,
                 from tools/alglib/alglibinternal.h:21,
                 from tools/alglib/alglibinternal.cpp:24:
/usr/include/time.h:345:27: error: 'clockid_t' was not declared in this scope
 extern int clock_settime (clockid_t __clock_id, const struct timespec *__tp)
                           ^
/usr/include/time.h:345:49: error: expected primary-expression before 'const'
 extern int clock_settime (clockid_t __clock_id, const struct timespec *__tp)
                                                 ^
/usr/include/time.h:345:76: error: expression list treated as compound expression in initializer [-fpermissive]
 extern int clock_settime (clockid_t __clock_id, const struct timespec *__tp)
                                                                            ^
In file included from /usr/include/features.h:374:0,
                 from /usr/include/stdio.h:27,
                 from tools/alglib/ap.h:22,
                 from tools/alglib/alglibinternal.h:21,
                 from tools/alglib/alglibinternal.cpp:24:
/usr/include/time.h:346:6: error: expected ',' or ';' before 'throw'
      __THROW;
      ^
In file included from /usr/include/pthread.h:24:0,
                 from /usr/include/x86_64-linux-gnu/c++/4.8/bits/gthr-default.h:35,
                 from /usr/include/x86_64-linux-gnu/c++/4.8/bits/gthr.h:148,
                 from /usr/include/c++/4.8/ext/atomicity.h:35,
                 from /usr/include/c++/4.8/bits/basic_string.h:39,
                 from /usr/include/c++/4.8/string:52,
                 from tools/alglib/ap.h:25,
                 from tools/alglib/alglibinternal.h:21,
                 from tools/alglib/alglibinternal.cpp:24:
/usr/include/time.h:353:29: error: 'clockid_t' was not declared in this scope
 extern int clock_nanosleep (clockid_t __clock_id, int __flags,
                             ^
/usr/include/time.h:353:51: error: expected primary-expression before 'int'
 extern int clock_nanosleep (clockid_t __clock_id, int __flags,
                                                   ^
/usr/include/time.h:354:8: error: expected primary-expression before 'const'
        const struct timespec *__req,
        ^
/usr/include/time.h:355:8: error: expected primary-expression before 'struct'
        struct timespec *__rem);
        ^
/usr/include/time.h:355:30: error: expression list treated as compound expression in initializer [-fpermissive]
        struct timespec *__rem);
                              ^
/usr/include/time.h:358:33: error: 'pid_t' was not declared in this scope
 extern int clock_getcpuclockid (pid_t __pid, clockid_t *__clock_id) __THROW;
                                 ^
/usr/include/time.h:358:46: error: 'clockid_t' was not declared in this scope
 extern int clock_getcpuclockid (pid_t __pid, clockid_t *__clock_id) __THROW;
                                              ^
/usr/include/time.h:358:57: error: '__clock_id' was not declared in this scope
 extern int clock_getcpuclockid (pid_t __pid, clockid_t *__clock_id) __THROW;
                                                         ^
/usr/include/time.h:358:67: error: expression list treated as compound expression in initializer [-fpermissive]
 extern int clock_getcpuclockid (pid_t __pid, clockid_t *__clock_id) __THROW;
                                                                   ^
In file included from /usr/include/features.h:374:0,
                 from /usr/include/stdio.h:27,
                 from tools/alglib/ap.h:22,
                 from tools/alglib/alglibinternal.h:21,
                 from tools/alglib/alglibinternal.cpp:24:
/usr/include/time.h:358:69: error: expected ',' or ';' before 'throw'
 extern int clock_getcpuclockid (pid_t __pid, clockid_t *__clock_id) __THROW;
                                                                     ^
In file included from /usr/include/pthread.h:24:0,
                 from /usr/include/x86_64-linux-gnu/c++/4.8/bits/gthr-default.h:35,
                 from /usr/include/x86_64-linux-gnu/c++/4.8/bits/gthr.h:148,
                 from /usr/include/c++/4.8/ext/atomicity.h:35,
                 from /usr/include/c++/4.8/bits/basic_string.h:39,
                 from /usr/include/c++/4.8/string:52,
                 from tools/alglib/ap.h:25,
                 from tools/alglib/alglibinternal.h:21,
                 from tools/alglib/alglibinternal.cpp:24:
/usr/include/time.h:363:26: error: 'clockid_t' was not declared in this scope
 extern int timer_create (clockid_t __clock_id,
                          ^
/usr/include/time.h:364:5: error: expected primary-expression before 'struct'
     struct sigevent *__restrict __evp,
     ^
/usr/include/time.h:365:5: error: 'timer_t' was not declared in this scope
     timer_t *__restrict __timerid) __THROW;
     ^
/usr/include/time.h:365:14: error: expected primary-expression before '__restrict'
     timer_t *__restrict __timerid) __THROW;
              ^
/usr/include/time.h:365:34: error: expression list treated as compound expression in initializer [-fpermissive]
     timer_t *__restrict __timerid) __THROW;
                                  ^
In file included from /usr/include/features.h:374:0,
                 from /usr/include/stdio.h:27,
                 from tools/alglib/ap.h:22,
                 from tools/alglib/alglibinternal.h:21,
                 from tools/alglib/alglibinternal.cpp:24:
/usr/include/time.h:365:36: error: expected ',' or ';' before 'throw'
     timer_t *__restrict __timerid) __THROW;
                                    ^
In file included from /usr/include/pthread.h:24:0,
                 from /usr/include/x86_64-linux-gnu/c++/4.8/bits/gthr-default.h:35,
                 from /usr/include/x86_64-linux-gnu/c++/4.8/bits/gthr.h:148,
                 from /usr/include/c++/4.8/ext/atomicity.h:35,
                 from /usr/include/c++/4.8/bits/basic_string.h:39,
                 from /usr/include/c++/4.8/string:52,
                 from tools/alglib/ap.h:25,
                 from tools/alglib/alglibinternal.h:21,
                 from tools/alglib/alglibinternal.cpp:24:
/usr/include/time.h:368:26: error: 'timer_t' was not declared in this scope
 extern int timer_delete (timer_t __timerid) __THROW;
                          ^
In file included from /usr/include/features.h:374:0,
                 from /usr/include/stdio.h:27,
                 from tools/alglib/ap.h:22,
                 from tools/alglib/alglibinternal.h:21,
                 from tools/alglib/alglibinternal.cpp:24:
/usr/include/time.h:368:45: error: expected ',' or ';' before 'throw'
 extern int timer_delete (timer_t __timerid) __THROW;
                                             ^
In file included from /usr/include/pthread.h:24:0,
                 from /usr/include/x86_64-linux-gnu/c++/4.8/bits/gthr-default.h:35,
                 from /usr/include/x86_64-linux-gnu/c++/4.8/bits/gthr.h:148,
                 from /usr/include/c++/4.8/ext/atomicity.h:35,
                 from /usr/include/c++/4.8/bits/basic_string.h:39,
                 from /usr/include/c++/4.8/string:52,
                 from tools/alglib/ap.h:25,
                 from tools/alglib/alglibinternal.h:21,
                 from tools/alglib/alglibinternal.cpp:24:
/usr/include/time.h:371:27: error: 'timer_t' was not declared in this scope
 extern int timer_settime (timer_t __timerid, int __flags,
                           ^
/usr/include/time.h:371:46: error: expected primary-expression before 'int'
 extern int timer_settime (timer_t __timerid, int __flags,
                                              ^
/usr/include/time.h:372:6: error: expected primary-expression before 'const'
      const struct itimerspec *__restrict __value,
      ^
/usr/include/time.h:373:6: error: expected primary-expression before 'struct'
      struct itimerspec *__restrict __ovalue) __THROW;
      ^
/usr/include/time.h:373:44: error: expression list treated as compound expression in initializer [-fpermissive]
      struct itimerspec *__restrict __ovalue) __THROW;
                                            ^
In file included from /usr/include/features.h:374:0,
                 from /usr/include/stdio.h:27,
                 from tools/alglib/ap.h:22,
                 from tools/alglib/alglibinternal.h:21,
                 from tools/alglib/alglibinternal.cpp:24:
/usr/include/time.h:373:46: error: expected ',' or ';' before 'throw'
      struct itimerspec *__restrict __ovalue) __THROW;
                                              ^
In file included from /usr/include/pthread.h:24:0,
                 from /usr/include/x86_64-linux-gnu/c++/4.8/bits/gthr-default.h:35,
                 from /usr/include/x86_64-linux-gnu/c++/4.8/bits/gthr.h:148,
                 from /usr/include/c++/4.8/ext/atomicity.h:35,
                 from /usr/include/c++/4.8/bits/basic_string.h:39,
                 from /usr/include/c++/4.8/string:52,
                 from tools/alglib/ap.h:25,
                 from tools/alglib/alglibinternal.h:21,
                 from tools/alglib/alglibinternal.cpp:24:
/usr/include/time.h:376:27: error: 'timer_t' was not declared in this scope
 extern int timer_gettime (timer_t __timerid, struct itimerspec *__value)
                           ^
/usr/include/time.h:376:46: error: expected primary-expression before 'struct'
 extern int timer_gettime (timer_t __timerid, struct itimerspec *__value)
                                              ^
/usr/include/time.h:376:72: error: expression list treated as compound expression in initializer [-fpermissive]
 extern int timer_gettime (timer_t __timerid, struct itimerspec *__value)
                                                                        ^
In file included from /usr/include/features.h:374:0,
                 from /usr/include/stdio.h:27,
                 from tools/alglib/ap.h:22,
                 from tools/alglib/alglibinternal.h:21,
                 from tools/alglib/alglibinternal.cpp:24:
/usr/include/time.h:377:6: error: expected ',' or ';' before 'throw'
      __THROW;
      ^
In file included from /usr/include/pthread.h:24:0,
                 from /usr/include/x86_64-linux-gnu/c++/4.8/bits/gthr-default.h:35,
                 from /usr/include/x86_64-linux-gnu/c++/4.8/bits/gthr.h:148,
                 from /usr/include/c++/4.8/ext/atomicity.h:35,
                 from /usr/include/c++/4.8/bits/basic_string.h:39,
                 from /usr/include/c++/4.8/string:52,
                 from tools/alglib/ap.h:25,
                 from tools/alglib/alglibinternal.h:21,
                 from tools/alglib/alglibinternal.cpp:24:
/usr/include/time.h:380:30: error: 'timer_t' was not declared in this scope
 extern int timer_getoverrun (timer_t __timerid) __THROW;
                              ^
In file included from /usr/include/features.h:374:0,
                 from /usr/include/stdio.h:27,
                 from tools/alglib/ap.h:22,
                 from tools/alglib/alglibinternal.h:21,
                 from tools/alglib/alglibinternal.cpp:24:
/usr/include/time.h:380:49: error: expected ',' or ';' before 'throw'
 extern int timer_getoverrun (timer_t __timerid) __THROW;
                                                 ^
In file included from /usr/include/x86_64-linux-gnu/c++/4.8/bits/gthr-default.h:35:0,
                 from /usr/include/x86_64-linux-gnu/c++/4.8/bits/gthr.h:148,
                 from /usr/include/c++/4.8/ext/atomicity.h:35,
                 from /usr/include/c++/4.8/bits/basic_string.h:39,
                 from /usr/include/c++/4.8/string:52,
                 from tools/alglib/ap.h:25,
                 from tools/alglib/alglibinternal.h:21,
                 from tools/alglib/alglibinternal.cpp:24:
/usr/include/pthread.h:317:11: error: 'size_t' has not been declared
           size_t *__guardsize)
           ^
/usr/include/pthread.h:322:11: error: 'size_t' has not been declared
           size_t __guardsize)
           ^
/usr/include/pthread.h:380:19: error: 'size_t' has not been declared
           __attr, size_t *__restrict __stacksize)
                   ^
/usr/include/pthread.h:387:11: error: 'size_t' has not been declared
           size_t __stacksize)
           ^
/usr/include/pthread.h:394:7: error: 'size_t' has not been declared
       size_t *__restrict __stacksize)
       ^
/usr/include/pthread.h:401:7: error: 'size_t' has not been declared
       size_t __stacksize) __THROW __nonnull ((1));
       ^
/usr/include/pthread.h:408:6: error: 'size_t' has not been declared
      size_t __cpusetsize,
      ^
/usr/include/pthread.h:415:6: error: 'size_t' has not been declared
      size_t __cpusetsize,
      ^
/usr/include/pthread.h:458:11: error: 'size_t' has not been declared
           size_t __buflen)
           ^
/usr/include/pthread.h:485:52: error: 'size_t' has not been declared
 extern int pthread_setaffinity_np (pthread_t __th, size_t __cpusetsize,
                                                    ^
/usr/include/pthread.h:490:52: error: 'size_t' has not been declared
 extern int pthread_getaffinity_np (pthread_t __th, size_t __cpusetsize,
                                                    ^
/usr/include/pthread.h:1040:11: error: '__clockid_t' has not been declared
           __clockid_t *__restrict __clock_id)
           ^
/usr/include/pthread.h:1045:11: error: '__clockid_t' has not been declared
           __clockid_t __clock_id)
           ^
/usr/include/pthread.h:1140:7: error: '__clockid_t' has not been declared
       __clockid_t *__clock_id)
       ^
In file included from /usr/include/c++/4.8/cstring:42:0,
                 from tools/alglib/ap.h:26,
                 from tools/alglib/alglibinternal.h:21,
                 from tools/alglib/alglibinternal.cpp:24:
/usr/include/string.h:47:8: error: 'size_t' has not been declared
        size_t __n) __THROW __nonnull ((1, 2));
        ^
/usr/include/string.h:50:56: error: 'size_t' has not been declared
 extern void *memmove (void *__dest, const void *__src, size_t __n)
                                                        ^
/usr/include/string.h:59:18: error: 'size_t' has not been declared
         int __c, size_t __n)
                  ^
/usr/include/string.h:66:42: error: 'size_t' has not been declared
 extern void *memset (void *__s, int __c, size_t __n) __THROW __nonnull ((1));
                                          ^
/usr/include/string.h:69:56: error: 'size_t' has not been declared
 extern int memcmp (const void *__s1, const void *__s2, size_t __n)
                                                        ^
/usr/include/string.h:76:42: error: 'size_t' has not been declared
 extern void *memchr (void *__s, int __c, size_t __n)
                                          ^
/usr/include/string.h:78:54: error: 'size_t' has not been declared
 extern const void *memchr (const void *__s, int __c, size_t __n)
                                                      ^
/usr/include/string.h:116:49: error: 'size_t' has not been declared
 extern "C++" void *memrchr (void *__s, int __c, size_t __n)
                                                 ^
/usr/include/string.h:118:61: error: 'size_t' has not been declared
 extern "C++" const void *memrchr (const void *__s, int __c, size_t __n)
                                                             ^
/usr/include/string.h:133:39: error: 'size_t' has not been declared
         const char *__restrict __src, size_t __n)
                                       ^
/usr/include/string.h:141:9: error: 'size_t' has not been declared
         size_t __n) __THROW __nonnull ((1, 2));
         ^
/usr/include/string.h:147:57: error: 'size_t' has not been declared
 extern int strncmp (const char *__s1, const char *__s2, size_t __n)
                                                         ^
/usr/include/string.h:154:8: error: 'size_t' does not name a type
 extern size_t strxfrm (char *__restrict __dest,
        ^
/usr/include/string.h:169:8: error: 'size_t' does not name a type
 extern size_t strxfrm_l (char *__dest, const char *__src, size_t __n,
        ^
/usr/include/string.h:184:45: error: 'size_t' has not been declared
 extern char *strndup (const char *__string, size_t __n)
                                             ^
/usr/include/string.h:285:8: error: 'size_t' does not name a type
 extern size_t strcspn (const char *__s, const char *__reject)
        ^
/usr/include/string.h:289:8: error: 'size_t' does not name a type
 extern size_t strspn (const char *__s, const char *__accept)
        ^
/usr/include/string.h:382:46: error: 'size_t' has not been declared
 extern void *memmem (const void *__haystack, size_t __haystacklen,
                                              ^
/usr/include/string.h:383:30: error: 'size_t' has not been declared
        const void *__needle, size_t __needlelen)
                              ^
/usr/include/string.h:389:34: error: 'size_t' has not been declared
    const void *__restrict __src, size_t __n)
                                  ^
/usr/include/string.h:392:39: error: 'size_t' has not been declared
         const void *__restrict __src, size_t __n)
                                       ^
/usr/include/string.h:399:8: error: 'size_t' does not name a type
 extern size_t strlen (const char *__s)
        ^
/usr/include/string.h:406:8: error: 'size_t' does not name a type
 extern size_t strnlen (const char *__string, size_t __maxlen)
        ^
/usr/include/string.h:438:53: error: 'size_t' has not been declared
 extern char *strerror_r (int __errnum, char *__buf, size_t __buflen)
                                                     ^
/usr/include/string.h:451:33: error: 'size_t' has not been declared
 extern void __bzero (void *__s, size_t __n) __THROW __nonnull ((1));
                                 ^
/usr/include/string.h:455:53: error: 'size_t' has not been declared
 extern void bcopy (const void *__src, void *__dest, size_t __n)
                                                     ^
/usr/include/string.h:459:31: error: 'size_t' has not been declared
 extern void bzero (void *__s, size_t __n) __THROW __nonnull ((1));
                               ^
/usr/include/string.h:462:54: error: 'size_t' has not been declared
 extern int bcmp (const void *__s1, const void *__s2, size_t __n)
                                                      ^
/usr/include/string.h:538:61: error: 'size_t' has not been declared
 extern int strncasecmp (const char *__s1, const char *__s2, size_t __n)
                                                             ^
/usr/include/string.h:550:6: error: 'size_t' has not been declared
      size_t __n, __locale_t __loc)
      ^
/usr/include/string.h:575:34: error: 'size_t' has not been declared
    const char *__restrict __src, size_t __n)
                                  ^
/usr/include/string.h:578:39: error: 'size_t' has not been declared
         const char *__restrict __src, size_t __n)
                                       ^
/usr/include/string.h:591:34: error: 'size_t' has not been declared
 extern void *memfrob (void *__s, size_t __n) __THROW __nonnull ((1));
                                  ^
In file included from tools/alglib/ap.h:26:0,
                 from tools/alglib/alglibinternal.h:21,
                 from tools/alglib/alglibinternal.cpp:24:
/usr/include/c++/4.8/cstring:84:11: error: '::strcspn' has not been declared
   using ::strcspn;
           ^
/usr/include/c++/4.8/cstring:86:11: error: '::strlen' has not been declared
   using ::strlen;
           ^
/usr/include/c++/4.8/cstring:90:11: error: '::strspn' has not been declared
   using ::strspn;
           ^
/usr/include/c++/4.8/cstring:92:11: error: '::strxfrm' has not been declared
   using ::strxfrm;
           ^
In file included from tools/alglib/alglibinternal.h:21:0,
                 from tools/alglib/alglibinternal.cpp:24:
tools/alglib/ap.h:556:43: error: 'size_t' has not been declared
 ae_int_t ae_misalignment(const void *ptr, size_t alignment);
                                           ^
tools/alglib/ap.h:557:27: error: 'size_t' has not been declared
 void* ae_align(void *ptr, size_t alignment);
                           ^
tools/alglib/ap.h:558:22: error: 'size_t' was not declared in this scope
 void* aligned_malloc(size_t size, size_t alignment);
                      ^
tools/alglib/ap.h:558:22: note: suggested alternatives:
In file included from /usr/include/c++/4.8/string:38:0,
                 from tools/alglib/ap.h:25,
                 from tools/alglib/alglibinternal.h:21,
                 from tools/alglib/alglibinternal.cpp:24:
/usr/include/x86_64-linux-gnu/c++/4.8/bits/c++config.h:186:26: note:   'std::size_t'
   typedef __SIZE_TYPE__  size_t;
                          ^
/usr/include/x86_64-linux-gnu/c++/4.8/bits/c++config.h:186:26: note:   'std::size_t'
In file included from tools/alglib/alglibinternal.h:21:0,
                 from tools/alglib/alglibinternal.cpp:24:
tools/alglib/ap.h:558:35: error: 'size_t' was not declared in this scope
 void* aligned_malloc(size_t size, size_t alignment);
                                   ^
tools/alglib/ap.h:558:35: note: suggested alternatives:
In file included from /usr/include/c++/4.8/string:38:0,
                 from tools/alglib/ap.h:25,
                 from tools/alglib/alglibinternal.h:21,
                 from tools/alglib/alglibinternal.cpp:24:
/usr/include/x86_64-linux-gnu/c++/4.8/bits/c++config.h:186:26: note:   'std::size_t'
   typedef __SIZE_TYPE__  size_t;
                          ^
/usr/include/x86_64-linux-gnu/c++/4.8/bits/c++config.h:186:26: note:   'std::size_t'
In file included from tools/alglib/alglibinternal.h:21:0,
                 from tools/alglib/alglibinternal.cpp:24:
tools/alglib/ap.h:558:51: error: expression list treated as compound expression in initializer [-fpermissive]
 void* aligned_malloc(size_t size, size_t alignment);
                                                   ^
tools/alglib/ap.h:561:17: error: 'size_t' was not declared in this scope
 void* ae_malloc(size_t size, ae_state *state);
                 ^
tools/alglib/ap.h:561:17: note: suggested alternatives:
In file included from /usr/include/c++/4.8/string:38:0,
                 from tools/alglib/ap.h:25,
                 from tools/alglib/alglibinternal.h:21,
                 from tools/alglib/alglibinternal.cpp:24:
/usr/include/x86_64-linux-gnu/c++/4.8/bits/c++config.h:186:26: note:   'std::size_t'
   typedef __SIZE_TYPE__  size_t;
                          ^
/usr/include/x86_64-linux-gnu/c++/4.8/bits/c++config.h:186:26: note:   'std::size_t'
In file included from tools/alglib/alglibinternal.h:21:0,
                 from tools/alglib/alglibinternal.cpp:24:
tools/alglib/ap.h:561:39: error: expected primary-expression before '*' token
 void* ae_malloc(size_t size, ae_state *state);
                                       ^
tools/alglib/ap.h:561:40: error: 'state' was not declared in this scope
 void* ae_malloc(size_t size, ae_state *state);
                                        ^
tools/alglib/ap.h:561:45: error: expression list treated as compound expression in initializer [-fpermissive]
 void* ae_malloc(size_t size, ae_state *state);
                                             ^
scons: *** [tmp/build_alglib/alglib/alglibinternal.os] Error 1
scons: building terminated because of errors.
